# JRE version: OpenJDK Runtime Environment Temurin-17.0.5+8 (17.0.5+8) (build 17.0.5+8)
# Java VM: OpenJDK 64-Bit Server VM Temurin-17.0.5+8 (17.0.5+8, mixed mode, tiered, compressed oops, compressed class ptrs, parallel gc, windows-amd64)
GC Precious Log:
 CPUs: 8 total, 8 available
 Memory: 14274M
 Large Page Support: Disabled
 NUMA Support: Disabled
 Compressed Oops: Enabled (32-bit)
 Alignments: Space 512K, Generation 512K, Heap 2M
 Heap Min Capacity: 100M
 Heap Initial Capacity: 100M
 Heap Max Capacity: 2G
 Pre-touch: Disabled
 Parallel Workers: 8
Heap:
 PSYoungGen      total 16384K, used 15138K [0x00000000d5580000, 0x00000000d6c00000, 0x0000000100000000)
  eden space 13824K, 91% used [0x00000000d5580000,0x00000000d61cc740,0x00000000d6300000)
  from space 2560K, 99% used [0x00000000d6300000,0x00000000d657c3a0,0x00000000d6580000)
  to   space 4608K, 0% used [0x00000000d6780000,0x00000000d6780000,0x00000000d6c00000)
 ParOldGen       total 87552K, used 85932K [0x0000000080000000, 0x0000000085580000, 0x00000000d5580000)
  object space 87552K, 98% used [0x0000000080000000,0x00000000853eb1d8,0x0000000085580000)
 Metaspace       used 65839K, committed 67072K, reserved 1114112K
  class space    used 6782K, committed 7296K, reserved 1048576K
GC Heap History (20 events):
Event: 51.759 GC heap before
{Heap before GC invocations=67 (full 3):
 PSYoungGen      total 16896K, used 16692K [0x00000000d5580000, 0x00000000d6780000, 0x0000000100000000)
  eden space 15360K, 100% used [0x00000000d5580000,0x00000000d6480000,0x00000000d6480000)
  from space 1536K, 86% used [0x00000000d6480000,0x00000000d65cd200,0x00000000d6600000)
  to   space 1536K, 0% used [0x00000000d6600000,0x00000000d6600000,0x00000000d6780000)
 ParOldGen       total 68608K, used 66077K [0x0000000080000000, 0x0000000084300000, 0x00000000d5580000)
  object space 68608K, 96% used [0x0000000080000000,0x00000000840877c8,0x0000000084300000)
 Metaspace       used 64009K, committed 65216K, reserved 1114112K
  class space    used 6592K, committed 7104K, reserved 1048576K
}
Event: 51.763 GC heap after
{Heap after GC invocations=67 (full 3):
 PSYoungGen      total 16896K, used 864K [0x00000000d5580000, 0x00000000d6780000, 0x0000000100000000)
  eden space 15360K, 0% used [0x00000000d5580000,0x00000000d5580000,0x00000000d6480000)
  from space 1536K, 56% used [0x00000000d6600000,0x00000000d66d8000,0x00000000d6780000)
  to   space 1536K, 0% used [0x00000000d6480000,0x00000000d6480000,0x00000000d6600000)
 ParOldGen       total 68608K, used 67250K [0x0000000080000000, 0x0000000084300000, 0x00000000d5580000)
  object space 68608K, 98% used [0x0000000080000000,0x00000000841ac978,0x0000000084300000)
 Metaspace       used 64009K, committed 65216K, reserved 1114112K
  class space    used 6592K, committed 7104K, reserved 1048576K
}
Event: 51.832 GC heap before
{Heap before GC invocations=68 (full 3):
 PSYoungGen      total 16896K, used 16224K [0x00000000d5580000, 0x00000000d6780000, 0x0000000100000000)
  eden space 15360K, 100% used [0x00000000d5580000,0x00000000d6480000,0x00000000d6480000)
  from space 1536K, 56% used [0x00000000d6600000,0x00000000d66d8000,0x00000000d6780000)
  to   space 1536K, 0% used [0x00000000d6480000,0x00000000d6480000,0x00000000d6600000)
 ParOldGen       total 68608K, used 67250K [0x0000000080000000, 0x0000000084300000, 0x00000000d5580000)
  object space 68608K, 98% used [0x0000000080000000,0x00000000841ac978,0x0000000084300000)
 Metaspace       used 64046K, committed 65280K, reserved 1114112K
  class space    used 6593K, committed 7168K, reserved 1048576K
}
Event: 51.835 GC heap after
{Heap after GC invocations=68 (full 3):
 PSYoungGen      total 16384K, used 756K [0x00000000d5580000, 0x00000000d6680000, 0x0000000100000000)
  eden space 15360K, 0% used [0x00000000d5580000,0x00000000d5580000,0x00000000d6480000)
  from space 1024K, 73% used [0x00000000d6480000,0x00000000d653d200,0x00000000d6580000)
  to   space 1024K, 0% used [0x00000000d6580000,0x00000000d6580000,0x00000000d6680000)
 ParOldGen       total 68608K, used 67990K [0x0000000080000000, 0x0000000084300000, 0x00000000d5580000)
  object space 68608K, 99% used [0x0000000080000000,0x0000000084265bf8,0x0000000084300000)
 Metaspace       used 64046K, committed 65280K, reserved 1114112K
  class space    used 6593K, committed 7168K, reserved 1048576K
}
Event: 51.836 GC heap before
{Heap before GC invocations=69 (full 4):
 PSYoungGen      total 16384K, used 756K [0x00000000d5580000, 0x00000000d6680000, 0x0000000100000000)
  eden space 15360K, 0% used [0x00000000d5580000,0x00000000d5580000,0x00000000d6480000)
  from space 1024K, 73% used [0x00000000d6480000,0x00000000d653d200,0x00000000d6580000)
  to   space 1024K, 0% used [0x00000000d6580000,0x00000000d6580000,0x00000000d6680000)
 ParOldGen       total 68608K, used 67990K [0x0000000080000000, 0x0000000084300000, 0x00000000d5580000)
  object space 68608K, 99% used [0x0000000080000000,0x0000000084265bf8,0x0000000084300000)
 Metaspace       used 64046K, committed 65280K, reserved 1114112K
  class space    used 6593K, committed 7168K, reserved 1048576K
}
Event: 51.982 GC heap after
{Heap after GC invocations=69 (full 4):
 PSYoungGen      total 16384K, used 0K [0x00000000d5580000, 0x00000000d6680000, 0x0000000100000000)
  eden space 15360K, 0% used [0x00000000d5580000,0x00000000d5580000,0x00000000d6480000)
  from space 1024K, 0% used [0x00000000d6580000,0x00000000d6580000,0x00000000d6680000)
  to   space 1024K, 0% used [0x00000000d6480000,0x00000000d6480000,0x00000000d6580000)
 ParOldGen       total 75776K, used 49500K [0x0000000080000000, 0x0000000084a00000, 0x00000000d5580000)
  object space 75776K, 65% used [0x0000000080000000,0x0000000083057170,0x0000000084a00000)
 Metaspace       used 64042K, committed 65280K, reserved 1114112K
  class space    used 6592K, committed 7168K, reserved 1048576K
}
Event: 52.134 GC heap before
{Heap before GC invocations=70 (full 4):
 PSYoungGen      total 16384K, used 15360K [0x00000000d5580000, 0x00000000d6680000, 0x0000000100000000)
  eden space 15360K, 100% used [0x00000000d5580000,0x00000000d6480000,0x00000000d6480000)
  from space 1024K, 0% used [0x00000000d6580000,0x00000000d6580000,0x00000000d6680000)
  to   space 1024K, 0% used [0x00000000d6480000,0x00000000d6480000,0x00000000d6580000)
 ParOldGen       total 75776K, used 49500K [0x0000000080000000, 0x0000000084a00000, 0x00000000d5580000)
  object space 75776K, 65% used [0x0000000080000000,0x0000000083057170,0x0000000084a00000)
 Metaspace       used 64087K, committed 65344K, reserved 1114112K
  class space    used 6595K, committed 7168K, reserved 1048576K
}
Event: 52.136 GC heap after
{Heap after GC invocations=70 (full 4):
 PSYoungGen      total 16384K, used 1024K [0x00000000d5580000, 0x00000000d6780000, 0x0000000100000000)
  eden space 15360K, 0% used [0x00000000d5580000,0x00000000d5580000,0x00000000d6480000)
  from space 1024K, 100% used [0x00000000d6480000,0x00000000d6580000,0x00000000d6580000)
  to   space 1536K, 0% used [0x00000000d6600000,0x00000000d6600000,0x00000000d6780000)
 ParOldGen       total 75776K, used 49696K [0x0000000080000000, 0x0000000084a00000, 0x00000000d5580000)
  object space 75776K, 65% used [0x0000000080000000,0x00000000830881a0,0x0000000084a00000)
 Metaspace       used 64087K, committed 65344K, reserved 1114112K
  class space    used 6595K, committed 7168K, reserved 1048576K
}
Event: 52.256 GC heap before
{Heap before GC invocations=71 (full 4):
 PSYoungGen      total 16384K, used 16384K [0x00000000d5580000, 0x00000000d6780000, 0x0000000100000000)
  eden space 15360K, 100% used [0x00000000d5580000,0x00000000d6480000,0x00000000d6480000)
  from space 1024K, 100% used [0x00000000d6480000,0x00000000d6580000,0x00000000d6580000)
  to   space 1536K, 0% used [0x00000000d6600000,0x00000000d6600000,0x00000000d6780000)
 ParOldGen       total 75776K, used 49696K [0x0000000080000000, 0x0000000084a00000, 0x00000000d5580000)
  object space 75776K, 65% used [0x0000000080000000,0x00000000830881a0,0x0000000084a00000)
 Metaspace       used 64105K, committed 65344K, reserved 1114112K
  class space    used 6596K, committed 7168K, reserved 1048576K
}
Event: 52.260 GC heap after
{Heap after GC invocations=71 (full 4):
 PSYoungGen      total 16896K, used 1098K [0x00000000d5580000, 0x00000000d6780000, 0x0000000100000000)
  eden space 15360K, 0% used [0x00000000d5580000,0x00000000d5580000,0x00000000d6480000)
  from space 1536K, 71% used [0x00000000d6600000,0x00000000d6712910,0x00000000d6780000)
  to   space 1536K, 0% used [0x00000000d6480000,0x00000000d6480000,0x00000000d6600000)
 ParOldGen       total 75776K, used 50752K [0x0000000080000000, 0x0000000084a00000, 0x00000000d5580000)
  object space 75776K, 66% used [0x0000000080000000,0x00000000831901c0,0x0000000084a00000)
 Metaspace       used 64105K, committed 65344K, reserved 1114112K
  class space    used 6596K, committed 7168K, reserved 1048576K
}
Event: 53.128 GC heap before
{Heap before GC invocations=72 (full 4):
 PSYoungGen      total 16896K, used 16457K [0x00000000d5580000, 0x00000000d6780000, 0x0000000100000000)
  eden space 15360K, 99% used [0x00000000d5580000,0x00000000d647feb0,0x00000000d6480000)
  from space 1536K, 71% used [0x00000000d6600000,0x00000000d6712910,0x00000000d6780000)
  to   space 1536K, 0% used [0x00000000d6480000,0x00000000d6480000,0x00000000d6600000)
 ParOldGen       total 87552K, used 81472K [0x0000000080000000, 0x0000000085580000, 0x00000000d5580000)
  object space 87552K, 93% used [0x0000000080000000,0x0000000084f901f0,0x0000000085580000)
 Metaspace       used 64387K, committed 65536K, reserved 1114112K
  class space    used 6629K, committed 7168K, reserved 1048576K
}
Event: 53.131 GC heap after
{Heap after GC invocations=72 (full 4):
 PSYoungGen      total 16384K, used 736K [0x00000000d5580000, 0x00000000d6680000, 0x0000000100000000)
  eden space 15360K, 0% used [0x00000000d5580000,0x00000000d5580000,0x00000000d6480000)
  from space 1024K, 71% used [0x00000000d6480000,0x00000000d6538000,0x00000000d6580000)
  to   space 1024K, 0% used [0x00000000d6580000,0x00000000d6580000,0x00000000d6680000)
 ParOldGen       total 87552K, used 82474K [0x0000000080000000, 0x0000000085580000, 0x00000000d5580000)
  object space 87552K, 94% used [0x0000000080000000,0x000000008508aa00,0x0000000085580000)
 Metaspace       used 64387K, committed 65536K, reserved 1114112K
  class space    used 6629K, committed 7168K, reserved 1048576K
}
Event: 53.631 GC heap before
{Heap before GC invocations=73 (full 4):
 PSYoungGen      total 16384K, used 16096K [0x00000000d5580000, 0x00000000d6680000, 0x0000000100000000)
  eden space 15360K, 100% used [0x00000000d5580000,0x00000000d6480000,0x00000000d6480000)
  from space 1024K, 71% used [0x00000000d6480000,0x00000000d6538000,0x00000000d6580000)
  to   space 1024K, 0% used [0x00000000d6580000,0x00000000d6580000,0x00000000d6680000)
 ParOldGen       total 87552K, used 82474K [0x0000000080000000, 0x0000000085580000, 0x00000000d5580000)
  object space 87552K, 94% used [0x0000000080000000,0x000000008508aa00,0x0000000085580000)
 Metaspace       used 64515K, committed 65728K, reserved 1114112K
  class space    used 6631K, committed 7168K, reserved 1048576K
}
Event: 53.634 GC heap after
{Heap after GC invocations=73 (full 4):
 PSYoungGen      total 16384K, used 448K [0x00000000d5580000, 0x00000000d6680000, 0x0000000100000000)
  eden space 15360K, 0% used [0x00000000d5580000,0x00000000d5580000,0x00000000d6480000)
  from space 1024K, 43% used [0x00000000d6580000,0x00000000d65f0000,0x00000000d6680000)
  to   space 1024K, 0% used [0x00000000d6480000,0x00000000d6480000,0x00000000d6580000)
 ParOldGen       total 87552K, used 83140K [0x0000000080000000, 0x0000000085580000, 0x00000000d5580000)
  object space 87552K, 94% used [0x0000000080000000,0x0000000085131330,0x0000000085580000)
 Metaspace       used 64515K, committed 65728K, reserved 1114112K
  class space    used 6631K, committed 7168K, reserved 1048576K
}
Event: 54.232 GC heap before
{Heap before GC invocations=74 (full 4):
 PSYoungGen      total 16384K, used 15808K [0x00000000d5580000, 0x00000000d6680000, 0x0000000100000000)
  eden space 15360K, 100% used [0x00000000d5580000,0x00000000d6480000,0x00000000d6480000)
  from space 1024K, 43% used [0x00000000d6580000,0x00000000d65f0000,0x00000000d6680000)
  to   space 1024K, 0% used [0x00000000d6480000,0x00000000d6480000,0x00000000d6580000)
 ParOldGen       total 87552K, used 83140K [0x0000000080000000, 0x0000000085580000, 0x00000000d5580000)
  object space 87552K, 94% used [0x0000000080000000,0x0000000085131330,0x0000000085580000)
 Metaspace       used 65323K, committed 66560K, reserved 1114112K
  class space    used 6716K, committed 7232K, reserved 1048576K
}
Event: 54.237 GC heap after
{Heap after GC invocations=74 (full 4):
 PSYoungGen      total 16384K, used 865K [0x00000000d5580000, 0x00000000d6680000, 0x0000000100000000)
  eden space 15360K, 0% used [0x00000000d5580000,0x00000000d5580000,0x00000000d6480000)
  from space 1024K, 84% used [0x00000000d6480000,0x00000000d6558748,0x00000000d6580000)
  to   space 1024K, 0% used [0x00000000d6580000,0x00000000d6580000,0x00000000d6680000)
 ParOldGen       total 87552K, used 83468K [0x0000000080000000, 0x0000000085580000, 0x00000000d5580000)
  object space 87552K, 95% used [0x0000000080000000,0x00000000851831e0,0x0000000085580000)
 Metaspace       used 65323K, committed 66560K, reserved 1114112K
  class space    used 6716K, committed 7232K, reserved 1048576K
}
Event: 54.853 GC heap before
{Heap before GC invocations=75 (full 4):
 PSYoungGen      total 16384K, used 16225K [0x00000000d5580000, 0x00000000d6680000, 0x0000000100000000)
  eden space 15360K, 100% used [0x00000000d5580000,0x00000000d6480000,0x00000000d6480000)
  from space 1024K, 84% used [0x00000000d6480000,0x00000000d6558748,0x00000000d6580000)
  to   space 1024K, 0% used [0x00000000d6580000,0x00000000d6580000,0x00000000d6680000)
 ParOldGen       total 87552K, used 83468K [0x0000000080000000, 0x0000000085580000, 0x00000000d5580000)
  object space 87552K, 95% used [0x0000000080000000,0x00000000851831e0,0x0000000085580000)
 Metaspace       used 65709K, committed 66944K, reserved 1114112K
  class space    used 6755K, committed 7296K, reserved 1048576K
}
Event: 54.858 GC heap after
{Heap after GC invocations=75 (full 4):
 PSYoungGen      total 14848K, used 1015K [0x00000000d5580000, 0x00000000d6980000, 0x0000000100000000)
  eden space 13824K, 0% used [0x00000000d5580000,0x00000000d5580000,0x00000000d6300000)
  from space 1024K, 99% used [0x00000000d6580000,0x00000000d667de08,0x00000000d6680000)
  to   space 2560K, 0% used [0x00000000d6300000,0x00000000d6300000,0x00000000d6580000)
 ParOldGen       total 87552K, used 84607K [0x0000000080000000, 0x0000000085580000, 0x00000000d5580000)
  object space 87552K, 96% used [0x0000000080000000,0x000000008529fdb0,0x0000000085580000)
 Metaspace       used 65709K, committed 66944K, reserved 1114112K
  class space    used 6755K, committed 7296K, reserved 1048576K
}
Event: 55.050 GC heap before
{Heap before GC invocations=76 (full 4):
 PSYoungGen      total 14848K, used 14839K [0x00000000d5580000, 0x00000000d6980000, 0x0000000100000000)
  eden space 13824K, 100% used [0x00000000d5580000,0x00000000d6300000,0x00000000d6300000)
  from space 1024K, 99% used [0x00000000d6580000,0x00000000d667de08,0x00000000d6680000)
  to   space 2560K, 0% used [0x00000000d6300000,0x00000000d6300000,0x00000000d6580000)
 ParOldGen       total 87552K, used 84607K [0x0000000080000000, 0x0000000085580000, 0x00000000d5580000)
  object space 87552K, 96% used [0x0000000080000000,0x000000008529fdb0,0x0000000085580000)
 Metaspace       used 65709K, committed 66944K, reserved 1114112K
  class space    used 6755K, committed 7296K, reserved 1048576K
}
Event: 55.054 GC heap after
{Heap after GC invocations=76 (full 4):
 PSYoungGen      total 16384K, used 2544K [0x00000000d5580000, 0x00000000d6c00000, 0x0000000100000000)
  eden space 13824K, 0% used [0x00000000d5580000,0x00000000d5580000,0x00000000d6300000)
  from space 2560K, 99% used [0x00000000d6300000,0x00000000d657c3a0,0x00000000d6580000)
  to   space 4608K, 0% used [0x00000000d6780000,0x00000000d6780000,0x00000000d6c00000)
 ParOldGen       total 87552K, used 85932K [0x0000000080000000, 0x0000000085580000, 0x00000000d5580000)
  object space 87552K, 98% used [0x0000000080000000,0x00000000853eb1d8,0x0000000085580000)
 Metaspace       used 65709K, committed 66944K, reserved 1114112K
  class space    used 6755K, committed 7296K, reserved 1048576K
}

